Release 14.6 - ngc2edif P.68d (nt64)
Copyright (c) 1995-2013 Xilinx, Inc.  All rights reserved.
Reading design top.ngc ...
WARNING:NetListWriters:298 - No output is written to top.xncf, ignored.
Processing design ...
   Preping design's networks ...
   Preping design's macros ...
WARNING:NetListWriters:306 - Signal bus adv7179_config/I2C_module/cr<7 : 1> on
   block top is not reconstructed, because there are some missing bus signals.
WARNING:NetListWriters:306 - Signal bus adv7179_config/I2C_module/ctr<7 : 1> on
   block top is not reconstructed, because there are some missing bus signals.
WARNING:NetListWriters:306 - Signal bus
   adv7179_config/rst_dly_module/Mcompar_cnt_cmp_lt0000_lut<11 : 0> on block top
   is not reconstructed, because there are some missing bus signals.
WARNING:NetListWriters:306 - Signal bus
   adv7180_config_top_module/I2C_module/cr<7 : 1> on block top is not
   reconstructed, because there are some missing bus signals.
WARNING:NetListWriters:306 - Signal bus
   adv7180_config_top_module/I2C_module/ctr<7 : 1> on block top is not
   reconstructed, because there are some missing bus signals.
  finished :Prep
Writing EDIF netlist file top.edif ...
ngc2edif: Total memory usage is 88796 kilobytes

