INFO:sim:172 - Generating IP...
Resolving generics for 'test'...
Applying external generics to 'test'...
Delivering associated files for 'test'...
Delivering EJava files for 'test'...
Generating implementation netlist for 'test'...
INFO:sim - Pre-processing HDL files for 'test'...
Running synthesis for 'test'
Running ngcbuild...
Writing VEO instantiation template for 'test'...
Writing Verilog behavioral simulation model for 'test'...
WARNING:sim - Overwriting existing file
   E:/Hardware/About-Hardware/Documents/Code/ISE14.3-Project/JS1/JS/ipcore_dir/t
   mp/_cg/test/doc/blk_mem_gen_v7_3_vinfo.html with file from view
   xilinx_documentation
Delivered 1 file into directory
E:/Hardware/About-Hardware/Documents/Code/ISE14.3-Project/JS1/JS/ipcore_dir/tmp/
_cg/test
Generating ASY schematic symbol...
INFO:sim:949 - Finished generation of ASY schematic symbol.
Generating SYM schematic symbol for 'test'...
Generating metadata file...
Generating ISE project file for 'test'...
Generating ISE project...
XCO file found: test.xco
XMDF file found: test_xmdf.tcl
Adding
E:/Hardware/About-Hardware/Documents/Code/ISE14.3-Project/JS1/JS/ipcore_dir/tmp/
_cg/test.asy -view all -origin_type imported
Adding
E:/Hardware/About-Hardware/Documents/Code/ISE14.3-Project/JS1/JS/ipcore_dir/tmp/
_cg/test.ngc -view all -origin_type created
Checking file
"E:/Hardware/About-Hardware/Documents/Code/ISE14.3-Project/JS1/JS/ipcore_dir/tmp
/_cg/test.ngc" for project device match ...
File
"E:/Hardware/About-Hardware/Documents/Code/ISE14.3-Project/JS1/JS/ipcore_dir/tmp
/_cg/test.ngc" device information matches project device.
Adding
E:/Hardware/About-Hardware/Documents/Code/ISE14.3-Project/JS1/JS/ipcore_dir/tmp/
_cg/test.sym -view all -origin_type imported
Adding
E:/Hardware/About-Hardware/Documents/Code/ISE14.3-Project/JS1/JS/ipcore_dir/tmp/
_cg/test.v -view all -origin_type created
INFO:HDLCompiler:1845 - Analyzing Verilog file
   "E:/Hardware/About-Hardware/Documents/Code/ISE14.3-Project/JS1/JS/ipcore_dir/
   tmp/_cg/test.v" into library work
INFO:ProjectMgmt - Parsing design hierarchy completed successfully.
Adding
E:/Hardware/About-Hardware/Documents/Code/ISE14.3-Project/JS1/JS/ipcore_dir/tmp/
_cg/test.veo -view all -origin_type imported
INFO:TclTasksC:2116 - The automatic calculation of top has been turned-off.
   Please set the new top explicitly by running the "project set top" command.
   To re-calculate the new top automatically, set the "Auto Implementation Top"
   property to true.
Top level has been set to "/test"
Generating README file...
Generating FLIST file...
INFO:sim:948 - Finished FLIST file generation.
Launching README viewer...
Moving files to output directory...
Finished moving files to output directory
Wrote CGP file for project 'test'.
