--------------------------------------------------------------------------------
Release 7.1i Trace H.38
Copyright (c) 1995-2005 Xilinx, Inc.  All rights reserved.

C:/Xilinx/bin/nt/trce.exe -ise e:\program\js_ttl\js\JS.ise -intstyle ise -e 3
-l 3 -s 4 -xml i2c_master_top i2c_master_top.ncd -o i2c_master_top.twr
i2c_master_top.pcf


Design file:              i2c_master_top.ncd
Physical constraint file: i2c_master_top.pcf
Device,speed:             xc3s2000,-4 (ADVANCED 1.35 2005-01-22)
Report level:             error report

Environment Variable      Effect 
--------------------      ------ 
NONE                      No environment variables were set
--------------------------------------------------------------------------------

INFO:Timing:2698 - No timing constraints found, doing default enumeration.
INFO:Timing:2752 - To get complete path coverage, use the unconstrained paths
   option. All paths that are not constrained will be reported in the
   unconstrained paths section(s) of the report.


Data Sheet report:
-----------------
All values displayed in nanoseconds (ns)

Setup/Hold to clock wb_clk_i
------------+------------+------------+------------------+--------+
            |  Setup to  |  Hold to   |                  |  Clock |
Source      | clk (edge) | clk (edge) |Internal Clock(s) |  Phase |
------------+------------+------------+------------------+--------+
scl_pad_i   |    0.421(R)|    0.959(R)|wb_clk_i_BUFGP    |   0.000|
sda_pad_i   |    0.602(R)|    0.833(R)|wb_clk_i_BUFGP    |   0.000|
wb_adr_i<0> |    5.567(R)|   -0.461(R)|wb_clk_i_BUFGP    |   0.000|
wb_adr_i<1> |    5.738(R)|   -0.998(R)|wb_clk_i_BUFGP    |   0.000|
wb_adr_i<2> |    5.354(R)|   -1.158(R)|wb_clk_i_BUFGP    |   0.000|
wb_cyc_i    |    5.071(R)|    0.597(R)|wb_clk_i_BUFGP    |   0.000|
wb_dat_i<0> |    1.429(R)|    1.163(R)|wb_clk_i_BUFGP    |   0.000|
wb_dat_i<1> |    0.861(R)|    1.566(R)|wb_clk_i_BUFGP    |   0.000|
wb_dat_i<2> |    1.616(R)|    1.153(R)|wb_clk_i_BUFGP    |   0.000|
wb_dat_i<3> |    2.369(R)|    0.645(R)|wb_clk_i_BUFGP    |   0.000|
wb_dat_i<4> |    1.421(R)|    1.127(R)|wb_clk_i_BUFGP    |   0.000|
wb_dat_i<5> |    2.422(R)|    0.315(R)|wb_clk_i_BUFGP    |   0.000|
wb_dat_i<6> |    1.967(R)|    0.616(R)|wb_clk_i_BUFGP    |   0.000|
wb_dat_i<7> |    1.812(R)|    0.805(R)|wb_clk_i_BUFGP    |   0.000|
wb_rst_i    |    8.075(R)|   -0.498(R)|wb_clk_i_BUFGP    |   0.000|
wb_stb_i    |    5.193(R)|    0.484(R)|wb_clk_i_BUFGP    |   0.000|
wb_we_i     |    5.109(R)|   -0.033(R)|wb_clk_i_BUFGP    |   0.000|
------------+------------+------------+------------------+--------+

Clock wb_clk_i to Pad
------------+------------+------------------+--------+
            | clk (edge) |                  |  Clock |
Destination | to PAD     |Internal Clock(s) |  Phase |
------------+------------+------------------+--------+
scl_padoen_o|   11.500(R)|wb_clk_i_BUFGP    |   0.000|
sda_padoen_o|   10.528(R)|wb_clk_i_BUFGP    |   0.000|
wb_ack_o    |    7.666(R)|wb_clk_i_BUFGP    |   0.000|
wb_dat_o<0> |    7.519(R)|wb_clk_i_BUFGP    |   0.000|
wb_dat_o<1> |    7.666(R)|wb_clk_i_BUFGP    |   0.000|
wb_dat_o<2> |    7.602(R)|wb_clk_i_BUFGP    |   0.000|
wb_dat_o<3> |    7.708(R)|wb_clk_i_BUFGP    |   0.000|
wb_dat_o<4> |    7.708(R)|wb_clk_i_BUFGP    |   0.000|
wb_dat_o<5> |    7.518(R)|wb_clk_i_BUFGP    |   0.000|
wb_dat_o<6> |    7.518(R)|wb_clk_i_BUFGP    |   0.000|
wb_dat_o<7> |    7.602(R)|wb_clk_i_BUFGP    |   0.000|
wb_inta_o   |    7.610(R)|wb_clk_i_BUFGP    |   0.000|
------------+------------+------------------+--------+

Clock to Setup on destination clock wb_clk_i
---------------+---------+---------+---------+---------+
               | Src:Rise| Src:Fall| Src:Rise| Src:Fall|
Source Clock   |Dest:Rise|Dest:Rise|Dest:Fall|Dest:Fall|
---------------+---------+---------+---------+---------+
wb_clk_i       |    7.598|         |         |         |
---------------+---------+---------+---------+---------+

Analysis completed Wed Sep 08 13:52:15 2010
--------------------------------------------------------------------------------



Peak Memory Usage: 151 MB
