Release 14.3 Map P.40xd (nt64)
Xilinx Mapping Report File for Design 'top'

Design Information
------------------
Command Line   : map -intstyle ise -p xc3s4000-fg676-4 -cm area -ir off -pr off
-c 100 -o top_map.ncd top.ngd top.pcf 
Target Device  : xc3s4000
Target Package : fg676
Target Speed   : -4
Mapper Version : spartan3 -- $Revision: 1.55 $
Mapped Date    : Wed Apr 05 10:31:45 2017

Design Summary
--------------
Number of errors:      0
Number of warnings:    0
Logic Utilization:
  Number of Slice Flip Flops:           567 out of  55,296    1%
  Number of 4 input LUTs:             1,164 out of  55,296    2%
Logic Distribution:
  Number of occupied Slices:            739 out of  27,648    2%
    Number of Slices containing only related logic:     739 out of     739 100%
    Number of Slices containing unrelated logic:          0 out of     739   0%
      *See NOTES below for an explanation of the effects of unrelated logic.
  Total Number of 4 input LUTs:       1,306 out of  55,296    2%
    Number used as logic:             1,164
    Number used as a route-thru:        142

  The Slice Logic Distribution report is not meaningful if the design is
  over-mapped for a non-slice resource or if Placement fails.

  Number of bonded IOBs:                125 out of     489   25%
  Number of MULT18X18s:                   3 out of      96    3%
  Number of BUFGMUXs:                     2 out of       8   25%

Average Fanout of Non-Clock Nets:                3.43

Peak Memory Usage:  286 MB
Total REAL time to MAP completion:  3 secs 
Total CPU time to MAP completion:   3 secs 

NOTES:

   Related logic is defined as being logic that shares connectivity - e.g. two
   LUTs are "related" if they share common inputs.  When assembling slices,
   Map gives priority to combine logic that is related.  Doing so results in
   the best timing performance.

   Unrelated logic shares no connectivity.  Map will only begin packing
   unrelated logic into a slice once 99% of the slices are occupied through
   related logic packing.

   Note that once logic distribution reaches the 99% level through related
   logic packing, this does not mean the device is completely utilized.
   Unrelated logic packing will then begin, continuing until all usable LUTs
   and FFs are occupied.  Depending on your timing budget, increased levels of
   unrelated logic packing may adversely affect the overall timing performance
   of your design.

Table of Contents
-----------------
Section 1 - Errors
Section 2 - Warnings
Section 3 - Informational
Section 4 - Removed Logic Summary
Section 5 - Removed Logic
Section 6 - IOB Properties
Section 7 - RPMs
Section 8 - Guide Report
Section 9 - Area Group and Partition Summary
Section 10 - Timing Report
Section 11 - Configuration String Information
Section 12 - Control Set Information
Section 13 - Utilization by Hierarchy

Section 1 - Errors
------------------

Section 2 - Warnings
--------------------

Section 3 - Informational
-------------------------
INFO:LIT:243 - Logical network test<7> has no load.
INFO:LIT:395 - The above info message is repeated 11 more times for the
   following (max. 5 shown):
   test<6>,
   test<5>,
   test<4>,
   test<3>,
   test<2>
   To see the details of these info messages, please use the -detail switch.
INFO:MapLib:562 - No environment variables are currently set.
INFO:LIT:244 - All of the single ended outputs in this design are using slew
   rate limited output drivers. The delay on speed critical single ended outputs
   can be dramatically reduced by designating them as fast outputs.

Section 4 - Removed Logic Summary
---------------------------------
   4 block(s) removed
   2 block(s) optimized away
   4 signal(s) removed

Section 5 - Removed Logic
-------------------------

The trimmed logic reported below is either:
   1. part of a cycle
   2. part of disabled logic
   3. a side-effect of other trimmed logic

The signal "DCM_27Muu/CLK0_BUF" is unused and has been removed.
The signal "DCM_27Muu/CLKFB_IN" is unused and has been removed.
 Unused block "DCM_27Muu/CLK0_BUFG_INST" (CKBUF) removed.
The signal "DCM_59Muu/CLK0_BUF" is unused and has been removed.
The signal "DCM_59Muu/CLKFB_IN" is unused and has been removed.
 Unused block "DCM_59Muu/CLK0_BUFG_INST" (CKBUF) removed.
Unused block "DCM_27Muu/DCM_INST" (DCM) removed.
Unused block "DCM_59Muu/DCM_INST" (DCM) removed.

Optimized Block(s):
TYPE 		BLOCK
GND 		XST_GND
VCC 		XST_VCC

To enable printing of redundant blocks removed and signals merged, set the
detailed map report option and rerun map.

Section 6 - IOB Properties
--------------------------

+---------------------------------------------------------------------------------------------------------------------------------------------------------+
| IOB Name                           | Type             | Direction | IO Standard          | Diff  | Drive    | Slew | Reg (s)      | Resistor | IOB      |
|                                    |                  |           |                      | Term  | Strength | Rate |              |          | Delay    |
+---------------------------------------------------------------------------------------------------------------------------------------------------------+
| ADDA_DONE                          | IOB              | OUTPUT    | LVCMOS25             |       | 12       | SLOW |              |          |          |
| ADV7179_BLANK                      | IOB              | OUTPUT    | LVCMOS25             |       | 12       | SLOW |              |          |          |
| ADV7179_CLK                        | IOB              | OUTPUT    | LVCMOS25             |       | 12       | SLOW |              |          |          |
| ADV7179_HS                         | IOB              | OUTPUT    | LVCMOS25             |       | 12       | SLOW |              |          |          |
| ADV7179_P<0>                       | IOB              | OUTPUT    | LVCMOS25             |       | 12       | SLOW |              |          |          |
| ADV7179_P<1>                       | IOB              | OUTPUT    | LVCMOS25             |       | 12       | SLOW |              |          |          |
| ADV7179_P<2>                       | IOB              | OUTPUT    | LVCMOS25             |       | 12       | SLOW |              |          |          |
| ADV7179_P<3>                       | IOB              | OUTPUT    | LVCMOS25             |       | 12       | SLOW |              |          |          |
| ADV7179_P<4>                       | IOB              | OUTPUT    | LVCMOS25             |       | 12       | SLOW |              |          |          |
| ADV7179_P<5>                       | IOB              | OUTPUT    | LVCMOS25             |       | 12       | SLOW |              |          |          |
| ADV7179_P<6>                       | IOB              | OUTPUT    | LVCMOS25             |       | 12       | SLOW |              |          |          |
| ADV7179_P<7>                       | IOB              | OUTPUT    | LVCMOS25             |       | 12       | SLOW |              |          |          |
| ADV7179_RST                        | IOB              | OUTPUT    | LVCMOS25             |       | 12       | SLOW |              |          |          |
| ADV7179_SCL                        | IOB              | OUTPUT    | LVCMOS25             |       | 12       | SLOW |              |          |          |
| ADV7179_SCRESET                    | IOB              | OUTPUT    | LVCMOS25             |       | 12       | SLOW |              |          |          |
| ADV7179_SDA                        | IOB              | OUTPUT    | LVCMOS25             |       | 12       | SLOW |              |          |          |
| ADV7179_TTX                        | IOB              | OUTPUT    | LVCMOS25             |       | 12       | SLOW |              |          |          |
| ADV7179_TTXREQ                     | IOB              | OUTPUT    | LVCMOS25             |       | 12       | SLOW |              |          |          |
| ADV7179_VS                         | IOB              | OUTPUT    | LVCMOS25             |       | 12       | SLOW |              |          |          |
| ADV7180_HS                         | IOB              | INPUT     | LVCMOS25             |       |          |      |              |          |          |
| ADV7180_INT                        | IOB              | INPUT     | LVCMOS25             |       |          |      |              |          |          |
| ADV7180_LLC                        | IOB              | INPUT     | LVCMOS25             |       |          |      |              |          |          |
| ADV7180_P<0>                       | IOB              | INPUT     | LVCMOS25             |       |          |      |              |          |          |
| ADV7180_P<1>                       | IOB              | INPUT     | LVCMOS25             |       |          |      |              |          |          |
| ADV7180_P<2>                       | IOB              | INPUT     | LVCMOS25             |       |          |      |              |          |          |
| ADV7180_P<3>                       | IOB              | INPUT     | LVCMOS25             |       |          |      |              |          |          |
| ADV7180_P<4>                       | IOB              | INPUT     | LVCMOS25             |       |          |      |              |          |          |
| ADV7180_P<5>                       | IOB              | INPUT     | LVCMOS25             |       |          |      |              |          |          |
| ADV7180_P<6>                       | IOB              | INPUT     | LVCMOS25             |       |          |      |              |          |          |
| ADV7180_P<7>                       | IOB              | INPUT     | LVCMOS25             |       |          |      |              |          |          |
| ADV7180_PWDOWN                     | IOB              | OUTPUT    | LVCMOS25             |       | 12       | SLOW |              |          |          |
| ADV7180_RST                        | IOB              | OUTPUT    | LVCMOS25             |       | 12       | SLOW |              |          |          |
| ADV7180_SCL                        | IOB              | OUTPUT    | LVCMOS25             |       | 12       | SLOW |              |          |          |
| ADV7180_SDA                        | IOB              | OUTPUT    | LVCMOS25             |       | 12       | SLOW |              |          |          |
| ADV7180_SFL                        | IOB              | INPUT     | LVCMOS25             |       |          |      |              |          |          |
| ADV7180_VS                         | IOB              | INPUT     | LVCMOS25             |       |          |      |              |          |          |
| SRAM_A_A<0>                        | IOB              | OUTPUT    | LVCMOS25             |       | 12       | SLOW |              |          |          |
| SRAM_A_A<1>                        | IOB              | OUTPUT    | LVCMOS25             |       | 12       | SLOW |              |          |          |
| SRAM_A_A<2>                        | IOB              | OUTPUT    | LVCMOS25             |       | 12       | SLOW |              |          |          |
| SRAM_A_A<3>                        | IOB              | OUTPUT    | LVCMOS25             |       | 12       | SLOW |              |          |          |
| SRAM_A_A<4>                        | IOB              | OUTPUT    | LVCMOS25             |       | 12       | SLOW |              |          |          |
| SRAM_A_A<5>                        | IOB              | OUTPUT    | LVCMOS25             |       | 12       | SLOW |              |          |          |
| SRAM_A_A<6>                        | IOB              | OUTPUT    | LVCMOS25             |       | 12       | SLOW |              |          |          |
| SRAM_A_A<7>                        | IOB              | OUTPUT    | LVCMOS25             |       | 12       | SLOW |              |          |          |
| SRAM_A_A<8>                        | IOB              | OUTPUT    | LVCMOS25             |       | 12       | SLOW |              |          |          |
| SRAM_A_A<9>                        | IOB              | OUTPUT    | LVCMOS25             |       | 12       | SLOW |              |          |          |
| SRAM_A_A<10>                       | IOB              | OUTPUT    | LVCMOS25             |       | 12       | SLOW |              |          |          |
| SRAM_A_A<11>                       | IOB              | OUTPUT    | LVCMOS25             |       | 12       | SLOW |              |          |          |
| SRAM_A_A<12>                       | IOB              | OUTPUT    | LVCMOS25             |       | 12       | SLOW |              |          |          |
| SRAM_A_A<13>                       | IOB              | OUTPUT    | LVCMOS25             |       | 12       | SLOW |              |          |          |
| SRAM_A_A<14>                       | IOB              | OUTPUT    | LVCMOS25             |       | 12       | SLOW |              |          |          |
| SRAM_A_A<15>                       | IOB              | OUTPUT    | LVCMOS25             |       | 12       | SLOW |              |          |          |
| SRAM_A_A<16>                       | IOB              | OUTPUT    | LVCMOS25             |       | 12       | SLOW |              |          |          |
| SRAM_A_A<17>                       | IOB              | OUTPUT    | LVCMOS25             |       | 12       | SLOW |              |          |          |
| SRAM_A_A<18>                       | IOB              | OUTPUT    | LVCMOS25             |       | 12       | SLOW |              |          |          |
| SRAM_A_A<19>                       | IOB              | OUTPUT    | LVCMOS25             |       | 12       | SLOW |              |          |          |
| SRAM_A_CE                          | IOB              | OUTPUT    | LVCMOS25             |       | 12       | SLOW |              |          |          |
| SRAM_A_D<0>                        | IOB              | OUTPUT    | LVCMOS25             |       | 12       | SLOW |              |          |          |
| SRAM_A_D<1>                        | IOB              | OUTPUT    | LVCMOS25             |       | 12       | SLOW |              |          |          |
| SRAM_A_D<2>                        | IOB              | OUTPUT    | LVCMOS25             |       | 12       | SLOW |              |          |          |
| SRAM_A_D<3>                        | IOB              | OUTPUT    | LVCMOS25             |       | 12       | SLOW |              |          |          |
| SRAM_A_D<4>                        | IOB              | OUTPUT    | LVCMOS25             |       | 12       | SLOW |              |          |          |
| SRAM_A_D<5>                        | IOB              | OUTPUT    | LVCMOS25             |       | 12       | SLOW |              |          |          |
| SRAM_A_D<6>                        | IOB              | OUTPUT    | LVCMOS25             |       | 12       | SLOW |              |          |          |
| SRAM_A_D<7>                        | IOB              | OUTPUT    | LVCMOS25             |       | 12       | SLOW |              |          |          |
| SRAM_A_D<8>                        | IOB              | BIDIR     | LVCMOS25             |       | 12       | SLOW |              |          |          |
| SRAM_A_D<9>                        | IOB              | BIDIR     | LVCMOS25             |       | 12       | SLOW |              |          |          |
| SRAM_A_D<10>                       | IOB              | BIDIR     | LVCMOS25             |       | 12       | SLOW |              |          |          |
| SRAM_A_D<11>                       | IOB              | BIDIR     | LVCMOS25             |       | 12       | SLOW |              |          |          |
| SRAM_A_D<12>                       | IOB              | BIDIR     | LVCMOS25             |       | 12       | SLOW |              |          |          |
| SRAM_A_D<13>                       | IOB              | BIDIR     | LVCMOS25             |       | 12       | SLOW |              |          |          |
| SRAM_A_D<14>                       | IOB              | BIDIR     | LVCMOS25             |       | 12       | SLOW |              |          |          |
| SRAM_A_D<15>                       | IOB              | BIDIR     | LVCMOS25             |       | 12       | SLOW |              |          |          |
| SRAM_A_LB                          | IOB              | OUTPUT    | LVCMOS25             |       | 12       | SLOW |              |          |          |
| SRAM_A_OE                          | IOB              | OUTPUT    | LVCMOS25             |       | 12       | SLOW |              |          |          |
| SRAM_A_UB                          | IOB              | OUTPUT    | LVCMOS25             |       | 12       | SLOW |              |          |          |
| SRAM_A_WE                          | IOB              | OUTPUT    | LVCMOS25             |       | 12       | SLOW |              |          |          |
| SRAM_B_A<0>                        | IOB              | OUTPUT    | LVCMOS25             |       | 12       | SLOW |              |          |          |
| SRAM_B_A<1>                        | IOB              | OUTPUT    | LVCMOS25             |       | 12       | SLOW |              |          |          |
| SRAM_B_A<2>                        | IOB              | OUTPUT    | LVCMOS25             |       | 12       | SLOW |              |          |          |
| SRAM_B_A<3>                        | IOB              | OUTPUT    | LVCMOS25             |       | 12       | SLOW |              |          |          |
| SRAM_B_A<4>                        | IOB              | OUTPUT    | LVCMOS25             |       | 12       | SLOW |              |          |          |
| SRAM_B_A<5>                        | IOB              | OUTPUT    | LVCMOS25             |       | 12       | SLOW |              |          |          |
| SRAM_B_A<6>                        | IOB              | OUTPUT    | LVCMOS25             |       | 12       | SLOW |              |          |          |
| SRAM_B_A<7>                        | IOB              | OUTPUT    | LVCMOS25             |       | 12       | SLOW |              |          |          |
| SRAM_B_A<8>                        | IOB              | OUTPUT    | LVCMOS25             |       | 12       | SLOW |              |          |          |
| SRAM_B_A<9>                        | IOB              | OUTPUT    | LVCMOS25             |       | 12       | SLOW |              |          |          |
| SRAM_B_A<10>                       | IOB              | OUTPUT    | LVCMOS25             |       | 12       | SLOW |              |          |          |
| SRAM_B_A<11>                       | IOB              | OUTPUT    | LVCMOS25             |       | 12       | SLOW |              |          |          |
| SRAM_B_A<12>                       | IOB              | OUTPUT    | LVCMOS25             |       | 12       | SLOW |              |          |          |
| SRAM_B_A<13>                       | IOB              | OUTPUT    | LVCMOS25             |       | 12       | SLOW |              |          |          |
| SRAM_B_A<14>                       | IOB              | OUTPUT    | LVCMOS25             |       | 12       | SLOW |              |          |          |
| SRAM_B_A<15>                       | IOB              | OUTPUT    | LVCMOS25             |       | 12       | SLOW |              |          |          |
| SRAM_B_A<16>                       | IOB              | OUTPUT    | LVCMOS25             |       | 12       | SLOW |              |          |          |
| SRAM_B_A<17>                       | IOB              | OUTPUT    | LVCMOS25             |       | 12       | SLOW |              |          |          |
| SRAM_B_A<18>                       | IOB              | OUTPUT    | LVCMOS25             |       | 12       | SLOW |              |          |          |
| SRAM_B_A<19>                       | IOB              | OUTPUT    | LVCMOS25             |       | 12       | SLOW |              |          |          |
| SRAM_B_CE                          | IOB              | OUTPUT    | LVCMOS25             |       | 12       | SLOW |              |          |          |
| SRAM_B_D<0>                        | IOB              | OUTPUT    | LVCMOS25             |       | 12       | SLOW |              |          |          |
| SRAM_B_D<1>                        | IOB              | OUTPUT    | LVCMOS25             |       | 12       | SLOW |              |          |          |
| SRAM_B_D<2>                        | IOB              | OUTPUT    | LVCMOS25             |       | 12       | SLOW |              |          |          |
| SRAM_B_D<3>                        | IOB              | OUTPUT    | LVCMOS25             |       | 12       | SLOW |              |          |          |
| SRAM_B_D<4>                        | IOB              | OUTPUT    | LVCMOS25             |       | 12       | SLOW |              |          |          |
| SRAM_B_D<5>                        | IOB              | OUTPUT    | LVCMOS25             |       | 12       | SLOW |              |          |          |
| SRAM_B_D<6>                        | IOB              | OUTPUT    | LVCMOS25             |       | 12       | SLOW |              |          |          |
| SRAM_B_D<7>                        | IOB              | OUTPUT    | LVCMOS25             |       | 12       | SLOW |              |          |          |
| SRAM_B_D<8>                        | IOB              | BIDIR     | LVCMOS25             |       | 12       | SLOW |              |          |          |
| SRAM_B_D<9>                        | IOB              | BIDIR     | LVCMOS25             |       | 12       | SLOW |              |          |          |
| SRAM_B_D<10>                       | IOB              | BIDIR     | LVCMOS25             |       | 12       | SLOW |              |          |          |
| SRAM_B_D<11>                       | IOB              | BIDIR     | LVCMOS25             |       | 12       | SLOW |              |          |          |
| SRAM_B_D<12>                       | IOB              | BIDIR     | LVCMOS25             |       | 12       | SLOW |              |          |          |
| SRAM_B_D<13>                       | IOB              | BIDIR     | LVCMOS25             |       | 12       | SLOW |              |          |          |
| SRAM_B_D<14>                       | IOB              | BIDIR     | LVCMOS25             |       | 12       | SLOW |              |          |          |
| SRAM_B_D<15>                       | IOB              | BIDIR     | LVCMOS25             |       | 12       | SLOW |              |          |          |
| SRAM_B_LB                          | IOB              | OUTPUT    | LVCMOS25             |       | 12       | SLOW |              |          |          |
| SRAM_B_OE                          | IOB              | OUTPUT    | LVCMOS25             |       | 12       | SLOW |              |          |          |
| SRAM_B_UB                          | IOB              | OUTPUT    | LVCMOS25             |       | 12       | SLOW |              |          |          |
| SRAM_B_WE                          | IOB              | OUTPUT    | LVCMOS25             |       | 12       | SLOW |              |          |          |
| clk_59m                            | IOB              | INPUT     | LVCMOS25             |       |          |      |              |          |          |
| clkout                             | IOB              | OUTPUT    | LVCMOS25             |       | 12       | SLOW |              |          |          |
| cross_output                       | IOB              | INPUT     | LVCMOS25             |       |          |      |              |          |          |
| enhance_enable                     | IOB              | INPUT     | LVCMOS25             |       |          |      |              |          |          |
| rst                                | IOB              | INPUT     | LVCMOS25             |       |          |      |              |          |          |
| ttl_en                             | IOB              | OUTPUT    | LVCMOS25             |       | 12       | SLOW |              |          |          |
| video_zoom                         | IOB              | INPUT     | LVCMOS25             |       |          |      |              |          |          |
+---------------------------------------------------------------------------------------------------------------------------------------------------------+

Section 7 - RPMs
----------------

Section 8 - Guide Report
------------------------
Guide not run on this design.

Section 9 - Area Group and Partition Summary
--------------------------------------------

Partition Implementation Status
-------------------------------

  No Partitions were found in this design.

-------------------------------

Area Group Information
----------------------

  No area groups were found in this design.

----------------------

Section 10 - Timing Report
--------------------------
This design was not run using timing mode.

Section 11 - Configuration String Details
-----------------------------------------
Use the "-detail" map option to print out Configuration Strings

Section 12 - Control Set Information
------------------------------------
No control set information for this architecture.

Section 13 - Utilization by Hierarchy
-------------------------------------
Use the "-detail" map option to print out the Utilization by Hierarchy section.
